# JRE version: Java(TM) SE Runtime Environment (8.0_92-b14) (build 1.8.0_92-b14)
# Java VM: Java HotSpot(TM) 64-Bit Server VM (25.92-b14 mixed mode windows-amd64 compressed oops)
Heap:
 PSYoungGen      total 23552K, used 16762K [0x00000000f5580000, 0x00000000f7380000, 0x0000000100000000)
  eden space 16384K, 72% used [0x00000000f5580000,0x00000000f61285f0,0x00000000f6580000)
  from space 7168K, 67% used [0x00000000f6c80000,0x00000000f7136400,0x00000000f7380000)
  to   space 7168K, 0% used [0x00000000f6580000,0x00000000f6580000,0x00000000f6c80000)
 ParOldGen       total 44032K, used 7627K [0x00000000e0000000, 0x00000000e2b00000, 0x00000000f5580000)
  object space 44032K, 17% used [0x00000000e0000000,0x00000000e0772da0,0x00000000e2b00000)
 Metaspace       used 20071K, capacity 20444K, committed 20736K, reserved 1067008K
  class space    used 2655K, capacity 2799K, committed 2816K, reserved 1048576K
GC Heap History (10 events):
Event: 6.719 GC heap before
{Heap before GC invocations=2 (full 0):
 PSYoungGen      total 18944K, used 18926K [0x00000000f5580000, 0x00000000f6a80000, 0x0000000100000000)
  eden space 16384K, 100% used [0x00000000f5580000,0x00000000f6580000,0x00000000f6580000)
  from space 2560K, 99% used [0x00000000f6580000,0x00000000f67fb880,0x00000000f6800000)
  to   space 2560K, 0% used [0x00000000f6800000,0x00000000f6800000,0x00000000f6a80000)
 ParOldGen       total 44032K, used 458K [0x00000000e0000000, 0x00000000e2b00000, 0x00000000f5580000)
  object space 44032K, 1% used [0x00000000e0000000,0x00000000e00729f8,0x00000000e2b00000)
 Metaspace       used 5982K, capacity 6448K, committed 6528K, reserved 1056768K
  class space    used 779K, capacity 832K, committed 896K, reserved 1048576K
Event: 6.721 GC heap after
Heap after GC invocations=2 (full 0):
 PSYoungGen      total 18944K, used 2112K [0x00000000f5580000, 0x00000000f6a80000, 0x0000000100000000)
  eden space 16384K, 0% used [0x00000000f5580000,0x00000000f5580000,0x00000000f6580000)
  from space 2560K, 82% used [0x00000000f6800000,0x00000000f6a10020,0x00000000f6a80000)
  to   space 2560K, 0% used [0x00000000f6580000,0x00000000f6580000,0x00000000f6800000)
 ParOldGen       total 44032K, used 466K [0x00000000e0000000, 0x00000000e2b00000, 0x00000000f5580000)
  object space 44032K, 1% used [0x00000000e0000000,0x00000000e00749f8,0x00000000e2b00000)
 Metaspace       used 5982K, capacity 6448K, committed 6528K, reserved 1056768K
  class space    used 779K, capacity 832K, committed 896K, reserved 1048576K
}
Event: 10.057 GC heap before
{Heap before GC invocations=3 (full 0):
 PSYoungGen      total 18944K, used 18496K [0x00000000f5580000, 0x00000000f6a80000, 0x0000000100000000)
  eden space 16384K, 100% used [0x00000000f5580000,0x00000000f6580000,0x00000000f6580000)
  from space 2560K, 82% used [0x00000000f6800000,0x00000000f6a10020,0x00000000f6a80000)
  to   space 2560K, 0% used [0x00000000f6580000,0x00000000f6580000,0x00000000f6800000)
 ParOldGen       total 44032K, used 466K [0x00000000e0000000, 0x00000000e2b00000, 0x00000000f5580000)
  object space 44032K, 1% used [0x00000000e0000000,0x00000000e00749f8,0x00000000e2b00000)
 Metaspace       used 10855K, capacity 11160K, committed 11264K, reserved 1058816K
  class space    used 1411K, capacity 1532K, committed 1536K, reserved 1048576K
Event: 10.061 GC heap after
Heap after GC invocations=3 (full 0):
 PSYoungGen      total 18944K, used 2544K [0x00000000f5580000, 0x00000000f6a80000, 0x0000000100000000)
  eden space 16384K, 0% used [0x00000000f5580000,0x00000000f5580000,0x00000000f6580000)
  from space 2560K, 99% used [0x00000000f6580000,0x00000000f67fc010,0x00000000f6800000)
  to   space 2560K, 0% used [0x00000000f6800000,0x00000000f6800000,0x00000000f6a80000)
 ParOldGen       total 44032K, used 1813K [0x00000000e0000000, 0x00000000e2b00000, 0x00000000f5580000)
  object space 44032K, 4% used [0x00000000e0000000,0x00000000e01c55f8,0x00000000e2b00000)
 Metaspace       used 10855K, capacity 11160K, committed 11264K, reserved 1058816K
  class space    used 1411K, capacity 1532K, committed 1536K, reserved 1048576K
}
Event: 10.840 GC heap before
{Heap before GC invocations=4 (full 0):
 PSYoungGen      total 18944K, used 18928K [0x00000000f5580000, 0x00000000f6a80000, 0x0000000100000000)
  eden space 16384K, 100% used [0x00000000f5580000,0x00000000f6580000,0x00000000f6580000)
  from space 2560K, 99% used [0x00000000f6580000,0x00000000f67fc010,0x00000000f6800000)
  to   space 2560K, 0% used [0x00000000f6800000,0x00000000f6800000,0x00000000f6a80000)
 ParOldGen       total 44032K, used 1813K [0x00000000e0000000, 0x00000000e2b00000, 0x00000000f5580000)
  object space 44032K, 4% used [0x00000000e0000000,0x00000000e01c55f8,0x00000000e2b00000)
 Metaspace       used 12712K, capacity 13074K, committed 13184K, reserved 1060864K
  class space    used 1734K, capacity 1847K, committed 1920K, reserved 1048576K
Event: 10.845 GC heap after
Heap after GC invocations=4 (full 0):
 PSYoungGen      total 18944K, used 2528K [0x00000000f5580000, 0x00000000f6a80000, 0x0000000100000000)
  eden space 16384K, 0% used [0x00000000f5580000,0x00000000f5580000,0x00000000f6580000)
  from space 2560K, 98% used [0x00000000f6800000,0x00000000f6a78020,0x00000000f6a80000)
  to   space 2560K, 0% used [0x00000000f6580000,0x00000000f6580000,0x00000000f6800000)
 ParOldGen       total 44032K, used 3917K [0x00000000e0000000, 0x00000000e2b00000, 0x00000000f5580000)
  object space 44032K, 8% used [0x00000000e0000000,0x00000000e03d34f8,0x00000000e2b00000)
 Metaspace       used 12712K, capacity 13074K, committed 13184K, reserved 1060864K
  class space    used 1734K, capacity 1847K, committed 1920K, reserved 1048576K
}
Event: 12.487 GC heap before
{Heap before GC invocations=5 (full 0):
 PSYoungGen      total 18944K, used 18912K [0x00000000f5580000, 0x00000000f6a80000, 0x0000000100000000)
  eden space 16384K, 100% used [0x00000000f5580000,0x00000000f6580000,0x00000000f6580000)
  from space 2560K, 98% used [0x00000000f6800000,0x00000000f6a78020,0x00000000f6a80000)
  to   space 2560K, 0% used [0x00000000f6580000,0x00000000f6580000,0x00000000f6800000)
 ParOldGen       total 44032K, used 3917K [0x00000000e0000000, 0x00000000e2b00000, 0x00000000f5580000)
  object space 44032K, 8% used [0x00000000e0000000,0x00000000e03d34f8,0x00000000e2b00000)
 Metaspace       used 16684K, capacity 17010K, committed 17280K, reserved 1064960K
  class space    used 2219K, capacity 2327K, committed 2432K, reserved 1048576K
Event: 12.496 GC heap after
Heap after GC invocations=5 (full 0):
 PSYoungGen      total 18944K, used 2528K [0x00000000f5580000, 0x00000000f7380000, 0x0000000100000000)
  eden space 16384K, 0% used [0x00000000f5580000,0x00000000f5580000,0x00000000f6580000)
  from space 2560K, 98% used [0x00000000f6580000,0x00000000f67f8020,0x00000000f6800000)
  to   space 7168K, 0% used [0x00000000f6c80000,0x00000000f6c80000,0x00000000f7380000)
 ParOldGen       total 44032K, used 7627K [0x00000000e0000000, 0x00000000e2b00000, 0x00000000f5580000)
  object space 44032K, 17% used [0x00000000e0000000,0x00000000e0772da0,0x00000000e2b00000)
 Metaspace       used 16684K, capacity 17010K, committed 17280K, reserved 1064960K
  class space    used 2219K, capacity 2327K, committed 2432K, reserved 1048576K
}
Event: 14.206 GC heap before
{Heap before GC invocations=6 (full 0):
 PSYoungGen      total 18944K, used 18912K [0x00000000f5580000, 0x00000000f7380000, 0x0000000100000000)
  eden space 16384K, 100% used [0x00000000f5580000,0x00000000f6580000,0x00000000f6580000)
  from space 2560K, 98% used [0x00000000f6580000,0x00000000f67f8020,0x00000000f6800000)
  to   space 7168K, 0% used [0x00000000f6c80000,0x00000000f6c80000,0x00000000f7380000)
 ParOldGen       total 44032K, used 7627K [0x00000000e0000000, 0x00000000e2b00000, 0x00000000f5580000)
  object space 44032K, 17% used [0x00000000e0000000,0x00000000e0772da0,0x00000000e2b00000)
 Metaspace       used 18712K, capacity 19104K, committed 19456K, reserved 1067008K
  class space    used 2559K, capacity 2696K, committed 2816K, reserved 1048576K
Event: 14.216 GC heap after
Heap after GC invocations=6 (full 0):
 PSYoungGen      total 23552K, used 4825K [0x00000000f5580000, 0x00000000f7380000, 0x0000000100000000)
  eden space 16384K, 0% used [0x00000000f5580000,0x00000000f5580000,0x00000000f6580000)
  from space 7168K, 67% used [0x00000000f6c80000,0x00000000f7136400,0x00000000f7380000)
  to   space 7168K, 0% used [0x00000000f6580000,0x00000000f6580000,0x00000000f6c80000)
 ParOldGen       total 44032K, used 7627K [0x00000000e0000000, 0x00000000e2b00000, 0x00000000f5580000)
  object space 44032K, 17% used [0x00000000e0000000,0x00000000e0772da0,0x00000000e2b00000)
 Metaspace       used 18712K, capacity 19104K, committed 19456K, reserved 1067008K
  class space    used 2559K, capacity 2696K, committed 2816K, reserved 1048576K
}

